# JRE version: OpenJDK Runtime Environment (8.0_152-b01) (build 1.8.0_152-release-915-b01)
# Java VM: OpenJDK 64-Bit Server VM (25.152-b01 mixed mode windows-amd64 compressed oops)
Heap:
 PSYoungGen      total 190976K, used 62623K [0x00000000e0000000, 0x00000000efd80000, 0x0000000100000000)
  eden space 163328K, 25% used [0x00000000e0000000,0x00000000e28f8638,0x00000000e9f80000)
  from space 27648K, 74% used [0x00000000e9f80000,0x00000000eb3af880,0x00000000eba80000)
  to   space 29696K, 0% used [0x00000000ee080000,0x00000000ee080000,0x00000000efd80000)
 ParOldGen       total 102912K, used 57625K [0x00000000a0000000, 0x00000000a6480000, 0x00000000e0000000)
  object space 102912K, 55% used [0x00000000a0000000,0x00000000a3846650,0x00000000a6480000)
 Metaspace       used 60952K, capacity 64788K, committed 64856K, reserved 1105920K
  class space    used 8288K, capacity 9324K, committed 9344K, reserved 1048576K
GC Heap History (10 events):
Event: 10.937 GC heap before
{Heap before GC invocations=12 (full 2):
 PSYoungGen      total 109568K, used 98304K [0x00000000e0000000, 0x00000000e9880000, 0x0000000100000000)
  eden space 98304K, 100% used [0x00000000e0000000,0x00000000e6000000,0x00000000e6000000)
  from space 11264K, 0% used [0x00000000e6000000,0x00000000e6000000,0x00000000e6b00000)
  to   space 12800K, 0% used [0x00000000e8c00000,0x00000000e8c00000,0x00000000e9880000)
 ParOldGen       total 51712K, used 17363K [0x00000000a0000000, 0x00000000a3280000, 0x00000000e0000000)
  object space 51712K, 33% used [0x00000000a0000000,0x00000000a10f4f18,0x00000000a3280000)
 Metaspace       used 41970K, capacity 42906K, committed 43096K, reserved 1087488K
  class space    used 5598K, capacity 5930K, committed 6016K, reserved 1048576K
Event: 10.973 GC heap after
Heap after GC invocations=12 (full 2):
 PSYoungGen      total 142336K, used 10931K [0x00000000e0000000, 0x00000000e9e00000, 0x0000000100000000)
  eden space 129536K, 0% used [0x00000000e0000000,0x00000000e0000000,0x00000000e7e80000)
  from space 12800K, 85% used [0x00000000e8c00000,0x00000000e96ace70,0x00000000e9880000)
  to   space 13824K, 0% used [0x00000000e7e80000,0x00000000e7e80000,0x00000000e8c00000)
 ParOldGen       total 51712K, used 17371K [0x00000000a0000000, 0x00000000a3280000, 0x00000000e0000000)
  object space 51712K, 33% used [0x00000000a0000000,0x00000000a10f6f18,0x00000000a3280000)
 Metaspace       used 41970K, capacity 42906K, committed 43096K, reserved 1087488K
  class space    used 5598K, capacity 5930K, committed 6016K, reserved 1048576K
}
Event: 13.440 GC heap before
{Heap before GC invocations=13 (full 2):
 PSYoungGen      total 142336K, used 140467K [0x00000000e0000000, 0x00000000e9e00000, 0x0000000100000000)
  eden space 129536K, 100% used [0x00000000e0000000,0x00000000e7e80000,0x00000000e7e80000)
  from space 12800K, 85% used [0x00000000e8c00000,0x00000000e96ace70,0x00000000e9880000)
  to   space 13824K, 0% used [0x00000000e7e80000,0x00000000e7e80000,0x00000000e8c00000)
 ParOldGen       total 51712K, used 17371K [0x00000000a0000000, 0x00000000a3280000, 0x00000000e0000000)
  object space 51712K, 33% used [0x00000000a0000000,0x00000000a10f6f18,0x00000000a3280000)
 Metaspace       used 52298K, capacity 54308K, committed 54488K, reserved 1095680K
  class space    used 7053K, capacity 7580K, committed 7680K, reserved 1048576K
Event: 13.461 GC heap after
Heap after GC invocations=13 (full 2):
 PSYoungGen      total 143360K, used 13821K [0x00000000e0000000, 0x00000000ecc80000, 0x0000000100000000)
  eden space 129536K, 0% used [0x00000000e0000000,0x00000000e0000000,0x00000000e7e80000)
  from space 13824K, 99% used [0x00000000e7e80000,0x00000000e8bff4b0,0x00000000e8c00000)
  to   space 18432K, 0% used [0x00000000eba80000,0x00000000eba80000,0x00000000ecc80000)
 ParOldGen       total 51712K, used 24100K [0x00000000a0000000, 0x00000000a3280000, 0x00000000e0000000)
  object space 51712K, 46% used [0x00000000a0000000,0x00000000a1789010,0x00000000a3280000)
 Metaspace       used 52298K, capacity 54308K, committed 54488K, reserved 1095680K
  class space    used 7053K, capacity 7580K, committed 7680K, reserved 1048576K
}
Event: 19.295 GC heap before
{Heap before GC invocations=14 (full 2):
 PSYoungGen      total 143360K, used 143357K [0x00000000e0000000, 0x00000000ecc80000, 0x0000000100000000)
  eden space 129536K, 100% used [0x00000000e0000000,0x00000000e7e80000,0x00000000e7e80000)
  from space 13824K, 99% used [0x00000000e7e80000,0x00000000e8bff4b0,0x00000000e8c00000)
  to   space 18432K, 0% used [0x00000000eba80000,0x00000000eba80000,0x00000000ecc80000)
 ParOldGen       total 51712K, used 24100K [0x00000000a0000000, 0x00000000a3280000, 0x00000000e0000000)
  object space 51712K, 46% used [0x00000000a0000000,0x00000000a1789010,0x00000000a3280000)
 Metaspace       used 55350K, capacity 58476K, committed 58584K, reserved 1099776K
  class space    used 7528K, capacity 8402K, committed 8448K, reserved 1048576K
Event: 19.332 GC heap after
Heap after GC invocations=14 (full 2):
 PSYoungGen      total 181760K, used 18432K [0x00000000e0000000, 0x00000000edb00000, 0x0000000100000000)
  eden space 163328K, 0% used [0x00000000e0000000,0x00000000e0000000,0x00000000e9f80000)
  from space 18432K, 100% used [0x00000000eba80000,0x00000000ecc80000,0x00000000ecc80000)
  to   space 27648K, 0% used [0x00000000e9f80000,0x00000000e9f80000,0x00000000eba80000)
 ParOldGen       total 51712K, used 42056K [0x00000000a0000000, 0x00000000a3280000, 0x00000000e0000000)
  object space 51712K, 81% used [0x00000000a0000000,0x00000000a29120a0,0x00000000a3280000)
 Metaspace       used 55350K, capacity 58476K, committed 58584K, reserved 1099776K
  class space    used 7528K, capacity 8402K, committed 8448K, reserved 1048576K
}
Event: 19.332 GC heap before
{Heap before GC invocations=15 (full 3):
 PSYoungGen      total 181760K, used 18432K [0x00000000e0000000, 0x00000000edb00000, 0x0000000100000000)
  eden space 163328K, 0% used [0x00000000e0000000,0x00000000e0000000,0x00000000e9f80000)
  from space 18432K, 100% used [0x00000000eba80000,0x00000000ecc80000,0x00000000ecc80000)
  to   space 27648K, 0% used [0x00000000e9f80000,0x00000000e9f80000,0x00000000eba80000)
 ParOldGen       total 51712K, used 42056K [0x00000000a0000000, 0x00000000a3280000, 0x00000000e0000000)
  object space 51712K, 81% used [0x00000000a0000000,0x00000000a29120a0,0x00000000a3280000)
 Metaspace       used 55350K, capacity 58476K, committed 58584K, reserved 1099776K
  class space    used 7528K, capacity 8402K, committed 8448K, reserved 1048576K
Event: 19.675 GC heap after
Heap after GC invocations=15 (full 3):
 PSYoungGen      total 181760K, used 6129K [0x00000000e0000000, 0x00000000edb00000, 0x0000000100000000)
  eden space 163328K, 0% used [0x00000000e0000000,0x00000000e0000000,0x00000000e9f80000)
  from space 18432K, 33% used [0x00000000eba80000,0x00000000ec07c440,0x00000000ecc80000)
  to   space 27648K, 0% used [0x00000000e9f80000,0x00000000e9f80000,0x00000000eba80000)
 ParOldGen       total 102912K, used 51445K [0x00000000a0000000, 0x00000000a6480000, 0x00000000e0000000)
  object space 102912K, 49% used [0x00000000a0000000,0x00000000a323d640,0x00000000a6480000)
 Metaspace       used 55350K, capacity 58476K, committed 58584K, reserved 1099776K
  class space    used 7528K, capacity 8402K, committed 8448K, reserved 1048576K
}
Event: 28.823 GC heap before
{Heap before GC invocations=16 (full 3):
 PSYoungGen      total 181760K, used 169457K [0x00000000e0000000, 0x00000000edb00000, 0x0000000100000000)
  eden space 163328K, 100% used [0x00000000e0000000,0x00000000e9f80000,0x00000000e9f80000)
  from space 18432K, 33% used [0x00000000eba80000,0x00000000ec07c440,0x00000000ecc80000)
  to   space 27648K, 0% used [0x00000000e9f80000,0x00000000e9f80000,0x00000000eba80000)
 ParOldGen       total 102912K, used 51445K [0x00000000a0000000, 0x00000000a6480000, 0x00000000e0000000)
  object space 102912K, 49% used [0x00000000a0000000,0x00000000a323d640,0x00000000a6480000)
 Metaspace       used 60215K, capacity 63794K, committed 64088K, reserved 1103872K
  class space    used 8203K, capacity 9226K, committed 9344K, reserved 1048576K
Event: 28.850 GC heap after
Heap after GC invocations=16 (full 3):
 PSYoungGen      total 190976K, used 20670K [0x00000000e0000000, 0x00000000efd80000, 0x0000000100000000)
  eden space 163328K, 0% used [0x00000000e0000000,0x00000000e0000000,0x00000000e9f80000)
  from space 27648K, 74% used [0x00000000e9f80000,0x00000000eb3af880,0x00000000eba80000)
  to   space 29696K, 0% used [0x00000000ee080000,0x00000000ee080000,0x00000000efd80000)
 ParOldGen       total 102912K, used 57625K [0x00000000a0000000, 0x00000000a6480000, 0x00000000e0000000)
  object space 102912K, 55% used [0x00000000a0000000,0x00000000a3846650,0x00000000a6480000)
 Metaspace       used 60215K, capacity 63794K, committed 64088K, reserved 1103872K
  class space    used 8203K, capacity 9226K, committed 9344K, reserved 1048576K
}

