# JRE version: OpenJDK Runtime Environment (8.0_152-b01) (build 1.8.0_152-release-1248-b01)
# Java VM: OpenJDK 64-Bit Server VM (25.152-b01 mixed mode windows-amd64 compressed oops)
Heap:
 PSYoungGen      total 89600K, used 62206K [0x00000000e0000000, 0x00000000e6380000, 0x0000000100000000)
  eden space 80384K, 77% used [0x00000000e0000000,0x00000000e3cbf8b8,0x00000000e4e80000)
  from space 9216K, 0% used [0x00000000e5a80000,0x00000000e5a80000,0x00000000e6380000)
  to   space 10752K, 0% used [0x00000000e4e80000,0x00000000e4e80000,0x00000000e5900000)
 ParOldGen       total 48640K, used 17360K [0x00000000a0000000, 0x00000000a2f80000, 0x00000000e0000000)
  object space 48640K, 35% used [0x00000000a0000000,0x00000000a10f40a8,0x00000000a2f80000)
 Metaspace       used 38351K, capacity 39096K, committed 39512K, reserved 1083392K
  class space    used 5198K, capacity 5456K, committed 5504K, reserved 1048576K
GC Heap History (10 events):
Event: 5.499 GC heap before
{Heap before GC invocations=8 (full 1):
 PSYoungGen      total 67072K, used 4112K [0x00000000e0000000, 0x00000000e4b00000, 0x0000000100000000)
  eden space 58368K, 0% used [0x00000000e0000000,0x00000000e0000000,0x00000000e3900000)
  from space 8704K, 47% used [0x00000000e3900000,0x00000000e3d04020,0x00000000e4180000)
  to   space 8192K, 0% used [0x00000000e4300000,0x00000000e4300000,0x00000000e4b00000)
 ParOldGen       total 40960K, used 9287K [0x00000000a0000000, 0x00000000a2800000, 0x00000000e0000000)
  object space 40960K, 22% used [0x00000000a0000000,0x00000000a0911e40,0x00000000a2800000)
 Metaspace       used 20622K, capacity 21100K, committed 21248K, reserved 1067008K
  class space    used 2852K, capacity 3011K, committed 3072K, reserved 1048576K
Event: 5.566 GC heap after
Heap after GC invocations=8 (full 1):
 PSYoungGen      total 67072K, used 0K [0x00000000e0000000, 0x00000000e4b00000, 0x0000000100000000)
  eden space 58368K, 0% used [0x00000000e0000000,0x00000000e0000000,0x00000000e3900000)
  from space 8704K, 0% used [0x00000000e3900000,0x00000000e3900000,0x00000000e4180000)
  to   space 8192K, 0% used [0x00000000e4300000,0x00000000e4300000,0x00000000e4b00000)
 ParOldGen       total 31232K, used 6835K [0x00000000a0000000, 0x00000000a1e80000, 0x00000000e0000000)
  object space 31232K, 21% used [0x00000000a0000000,0x00000000a06ace18,0x00000000a1e80000)
 Metaspace       used 20622K, capacity 21100K, committed 21248K, reserved 1067008K
  class space    used 2852K, capacity 3011K, committed 3072K, reserved 1048576K
}
Event: 6.653 GC heap before
{Heap before GC invocations=9 (full 1):
 PSYoungGen      total 67072K, used 58368K [0x00000000e0000000, 0x00000000e4b00000, 0x0000000100000000)
  eden space 58368K, 100% used [0x00000000e0000000,0x00000000e3900000,0x00000000e3900000)
  from space 8704K, 0% used [0x00000000e3900000,0x00000000e3900000,0x00000000e4180000)
  to   space 8192K, 0% used [0x00000000e4300000,0x00000000e4300000,0x00000000e4b00000)
 ParOldGen       total 31232K, used 6835K [0x00000000a0000000, 0x00000000a1e80000, 0x00000000e0000000)
  object space 31232K, 21% used [0x00000000a0000000,0x00000000a06ace18,0x00000000a1e80000)
 Metaspace       used 24963K, capacity 25440K, committed 25728K, reserved 1071104K
  class space    used 3462K, capacity 3640K, committed 3712K, reserved 1048576K
Event: 6.660 GC heap after
Heap after GC invocations=9 (full 1):
 PSYoungGen      total 68608K, used 5895K [0x00000000e0000000, 0x00000000e6f80000, 0x0000000100000000)
  eden space 60416K, 0% used [0x00000000e0000000,0x00000000e0000000,0x00000000e3b00000)
  from space 8192K, 71% used [0x00000000e4300000,0x00000000e48c1de0,0x00000000e4b00000)
  to   space 8192K, 0% used [0x00000000e3b00000,0x00000000e3b00000,0x00000000e4300000)
 ParOldGen       total 31232K, used 6843K [0x00000000a0000000, 0x00000000a1e80000, 0x00000000e0000000)
  object space 31232K, 21% used [0x00000000a0000000,0x00000000a06aee18,0x00000000a1e80000)
 Metaspace       used 24963K, capacity 25440K, committed 25728K, reserved 1071104K
  class space    used 3462K, capacity 3640K, committed 3712K, reserved 1048576K
}
Event: 9.587 GC heap before
{Heap before GC invocations=10 (full 1):
 PSYoungGen      total 68608K, used 66311K [0x00000000e0000000, 0x00000000e6f80000, 0x0000000100000000)
  eden space 60416K, 100% used [0x00000000e0000000,0x00000000e3b00000,0x00000000e3b00000)
  from space 8192K, 71% used [0x00000000e4300000,0x00000000e48c1de0,0x00000000e4b00000)
  to   space 8192K, 0% used [0x00000000e3b00000,0x00000000e3b00000,0x00000000e4300000)
 ParOldGen       total 31232K, used 6843K [0x00000000a0000000, 0x00000000a1e80000, 0x00000000e0000000)
  object space 31232K, 21% used [0x00000000a0000000,0x00000000a06aee18,0x00000000a1e80000)
 Metaspace       used 29114K, capacity 29708K, committed 29824K, reserved 1075200K
  class space    used 4041K, capacity 4205K, committed 4224K, reserved 1048576K
Event: 9.595 GC heap after
Heap after GC invocations=10 (full 1):
 PSYoungGen      total 68608K, used 8161K [0x00000000e0000000, 0x00000000e6400000, 0x0000000100000000)
  eden space 60416K, 0% used [0x00000000e0000000,0x00000000e0000000,0x00000000e3b00000)
  from space 8192K, 99% used [0x00000000e3b00000,0x00000000e42f87f8,0x00000000e4300000)
  to   space 9728K, 0% used [0x00000000e5a80000,0x00000000e5a80000,0x00000000e6400000)
 ParOldGen       total 31232K, used 7844K [0x00000000a0000000, 0x00000000a1e80000, 0x00000000e0000000)
  object space 31232K, 25% used [0x00000000a0000000,0x00000000a07a9340,0x00000000a1e80000)
 Metaspace       used 29114K, capacity 29708K, committed 29824K, reserved 1075200K
  class space    used 4041K, capacity 4205K, committed 4224K, reserved 1048576K
}
Event: 17.476 GC heap before
{Heap before GC invocations=11 (full 1):
 PSYoungGen      total 68608K, used 44668K [0x00000000e0000000, 0x00000000e6400000, 0x0000000100000000)
  eden space 60416K, 60% used [0x00000000e0000000,0x00000000e23a68c0,0x00000000e3b00000)
  from space 8192K, 99% used [0x00000000e3b00000,0x00000000e42f87f8,0x00000000e4300000)
  to   space 9728K, 0% used [0x00000000e5a80000,0x00000000e5a80000,0x00000000e6400000)
 ParOldGen       total 31232K, used 7844K [0x00000000a0000000, 0x00000000a1e80000, 0x00000000e0000000)
  object space 31232K, 25% used [0x00000000a0000000,0x00000000a07a9340,0x00000000a1e80000)
 Metaspace       used 34605K, capacity 35226K, committed 35416K, reserved 1079296K
  class space    used 4742K, capacity 4963K, committed 4992K, reserved 1048576K
Event: 17.484 GC heap after
Heap after GC invocations=11 (full 1):
 PSYoungGen      total 89600K, used 8475K [0x00000000e0000000, 0x00000000e6380000, 0x0000000100000000)
  eden space 80384K, 0% used [0x00000000e0000000,0x00000000e0000000,0x00000000e4e80000)
  from space 9216K, 91% used [0x00000000e5a80000,0x00000000e62c6f58,0x00000000e6380000)
  to   space 10752K, 0% used [0x00000000e4e80000,0x00000000e4e80000,0x00000000e5900000)
 ParOldGen       total 31232K, used 10384K [0x00000000a0000000, 0x00000000a1e80000, 0x00000000e0000000)
  object space 31232K, 33% used [0x00000000a0000000,0x00000000a0a24290,0x00000000a1e80000)
 Metaspace       used 34605K, capacity 35226K, committed 35416K, reserved 1079296K
  class space    used 4742K, capacity 4963K, committed 4992K, reserved 1048576K
}
Event: 17.484 GC heap before
{Heap before GC invocations=12 (full 2):
 PSYoungGen      total 89600K, used 8475K [0x00000000e0000000, 0x00000000e6380000, 0x0000000100000000)
  eden space 80384K, 0% used [0x00000000e0000000,0x00000000e0000000,0x00000000e4e80000)
  from space 9216K, 91% used [0x00000000e5a80000,0x00000000e62c6f58,0x00000000e6380000)
  to   space 10752K, 0% used [0x00000000e4e80000,0x00000000e4e80000,0x00000000e5900000)
 ParOldGen       total 31232K, used 10384K [0x00000000a0000000, 0x00000000a1e80000, 0x00000000e0000000)
  object space 31232K, 33% used [0x00000000a0000000,0x00000000a0a24290,0x00000000a1e80000)
 Metaspace       used 34605K, capacity 35226K, committed 35416K, reserved 1079296K
  class space    used 4742K, capacity 4963K, committed 4992K, reserved 1048576K
Event: 17.533 GC heap after
Heap after GC invocations=12 (full 2):
 PSYoungGen      total 89600K, used 0K [0x00000000e0000000, 0x00000000e6380000, 0x0000000100000000)
  eden space 80384K, 0% used [0x00000000e0000000,0x00000000e0000000,0x00000000e4e80000)
  from space 9216K, 0% used [0x00000000e5a80000,0x00000000e5a80000,0x00000000e6380000)
  to   space 10752K, 0% used [0x00000000e4e80000,0x00000000e4e80000,0x00000000e5900000)
 ParOldGen       total 48640K, used 17360K [0x00000000a0000000, 0x00000000a2f80000, 0x00000000e0000000)
  object space 48640K, 35% used [0x00000000a0000000,0x00000000a10f40a8,0x00000000a2f80000)
 Metaspace       used 34605K, capacity 35226K, committed 35416K, reserved 1079296K
  class space    used 4742K, capacity 4963K, committed 4992K, reserved 1048576K
}

