# JRE version: OpenJDK Runtime Environment (8.0_152-b01) (build 1.8.0_152-release-1248-b01)
# Java VM: OpenJDK 64-Bit Server VM (25.152-b01 mixed mode windows-amd64 compressed oops)
Heap:
 PSYoungGen      total 82432K, used 58949K [0x00000000e0000000, 0x00000000e6380000, 0x0000000100000000)
  eden space 73216K, 67% used [0x00000000e0000000,0x00000000e3091d08,0x00000000e4780000)
  from space 9216K, 99% used [0x00000000e5380000,0x00000000e5c7fa60,0x00000000e5c80000)
  to   space 12288K, 0% used [0x00000000e4780000,0x00000000e4780000,0x00000000e5380000)
 ParOldGen       total 55296K, used 25807K [0x00000000a0000000, 0x00000000a3600000, 0x00000000e0000000)
  object space 55296K, 46% used [0x00000000a0000000,0x00000000a1933c30,0x00000000a3600000)
 Metaspace       used 56150K, capacity 57676K, committed 57944K, reserved 1099776K
  class space    used 7324K, capacity 7698K, committed 7808K, reserved 1048576K
GC Heap History (10 events):
Event: 40.937 GC heap before
{Heap before GC invocations=18 (full 2):
 PSYoungGen      total 55296K, used 51822K [0x00000000e0000000, 0x00000000e4800000, 0x0000000100000000)
  eden space 49152K, 100% used [0x00000000e0000000,0x00000000e3000000,0x00000000e3000000)
  from space 6144K, 43% used [0x00000000e3000000,0x00000000e329b8d0,0x00000000e3600000)
  to   space 6144K, 0% used [0x00000000e4200000,0x00000000e4200000,0x00000000e4800000)
 ParOldGen       total 55296K, used 16237K [0x00000000a0000000, 0x00000000a3600000, 0x00000000e0000000)
  object space 55296K, 29% used [0x00000000a0000000,0x00000000a0fdb620,0x00000000a3600000)
 Metaspace       used 38858K, capacity 39510K, committed 39896K, reserved 1083392K
  class space    used 5047K, capacity 5296K, committed 5376K, reserved 1048576K
Event: 40.943 GC heap after
Heap after GC invocations=18 (full 2):
 PSYoungGen      total 63488K, used 2903K [0x00000000e0000000, 0x00000000e4600000, 0x0000000100000000)
  eden space 59392K, 0% used [0x00000000e0000000,0x00000000e0000000,0x00000000e3a00000)
  from space 4096K, 70% used [0x00000000e4200000,0x00000000e44d5eb0,0x00000000e4600000)
  to   space 6144K, 0% used [0x00000000e3a00000,0x00000000e3a00000,0x00000000e4000000)
 ParOldGen       total 55296K, used 16245K [0x00000000a0000000, 0x00000000a3600000, 0x00000000e0000000)
  object space 55296K, 29% used [0x00000000a0000000,0x00000000a0fdd620,0x00000000a3600000)
 Metaspace       used 38858K, capacity 39510K, committed 39896K, reserved 1083392K
  class space    used 5047K, capacity 5296K, committed 5376K, reserved 1048576K
}
Event: 49.578 GC heap before
{Heap before GC invocations=19 (full 2):
 PSYoungGen      total 63488K, used 62295K [0x00000000e0000000, 0x00000000e4600000, 0x0000000100000000)
  eden space 59392K, 100% used [0x00000000e0000000,0x00000000e3a00000,0x00000000e3a00000)
  from space 4096K, 70% used [0x00000000e4200000,0x00000000e44d5eb0,0x00000000e4600000)
  to   space 6144K, 0% used [0x00000000e3a00000,0x00000000e3a00000,0x00000000e4000000)
 ParOldGen       total 55296K, used 16245K [0x00000000a0000000, 0x00000000a3600000, 0x00000000e0000000)
  object space 55296K, 29% used [0x00000000a0000000,0x00000000a0fdd620,0x00000000a3600000)
 Metaspace       used 39027K, capacity 39702K, committed 39896K, reserved 1083392K
  class space    used 5048K, capacity 5296K, committed 5376K, reserved 1048576K
Event: 49.582 GC heap after
Heap after GC invocations=19 (full 2):
 PSYoungGen      total 65536K, used 3848K [0x00000000e0000000, 0x00000000e4d00000, 0x0000000100000000)
  eden space 59392K, 0% used [0x00000000e0000000,0x00000000e0000000,0x00000000e3a00000)
  from space 6144K, 62% used [0x00000000e3a00000,0x00000000e3dc2340,0x00000000e4000000)
  to   space 6144K, 0% used [0x00000000e4700000,0x00000000e4700000,0x00000000e4d00000)
 ParOldGen       total 55296K, used 16253K [0x00000000a0000000, 0x00000000a3600000, 0x00000000e0000000)
  object space 55296K, 29% used [0x00000000a0000000,0x00000000a0fdf620,0x00000000a3600000)
 Metaspace       used 39027K, capacity 39702K, committed 39896K, reserved 1083392K
  class space    used 5048K, capacity 5296K, committed 5376K, reserved 1048576K
}
Event: 52.161 GC heap before
{Heap before GC invocations=20 (full 2):
 PSYoungGen      total 65536K, used 63240K [0x00000000e0000000, 0x00000000e4d00000, 0x0000000100000000)
  eden space 59392K, 100% used [0x00000000e0000000,0x00000000e3a00000,0x00000000e3a00000)
  from space 6144K, 62% used [0x00000000e3a00000,0x00000000e3dc2340,0x00000000e4000000)
  to   space 6144K, 0% used [0x00000000e4700000,0x00000000e4700000,0x00000000e4d00000)
 ParOldGen       total 55296K, used 16253K [0x00000000a0000000, 0x00000000a3600000, 0x00000000e0000000)
  object space 55296K, 29% used [0x00000000a0000000,0x00000000a0fdf620,0x00000000a3600000)
 Metaspace       used 43545K, capacity 44442K, committed 44632K, reserved 1087488K
  class space    used 5660K, capacity 5960K, committed 6016K, reserved 1048576K
Event: 52.167 GC heap after
Heap after GC invocations=20 (full 2):
 PSYoungGen      total 71680K, used 6131K [0x00000000e0000000, 0x00000000e4e80000, 0x0000000100000000)
  eden space 65536K, 0% used [0x00000000e0000000,0x00000000e0000000,0x00000000e4000000)
  from space 6144K, 99% used [0x00000000e4700000,0x00000000e4cfcd28,0x00000000e4d00000)
  to   space 7168K, 0% used [0x00000000e4000000,0x00000000e4000000,0x00000000e4700000)
 ParOldGen       total 55296K, used 17778K [0x00000000a0000000, 0x00000000a3600000, 0x00000000e0000000)
  object space 55296K, 32% used [0x00000000a0000000,0x00000000a115c9f8,0x00000000a3600000)
 Metaspace       used 43545K, capacity 44442K, committed 44632K, reserved 1087488K
  class space    used 5660K, capacity 5960K, committed 6016K, reserved 1048576K
}
Event: 52.708 GC heap before
{Heap before GC invocations=21 (full 2):
 PSYoungGen      total 71680K, used 71667K [0x00000000e0000000, 0x00000000e4e80000, 0x0000000100000000)
  eden space 65536K, 100% used [0x00000000e0000000,0x00000000e4000000,0x00000000e4000000)
  from space 6144K, 99% used [0x00000000e4700000,0x00000000e4cfcd28,0x00000000e4d00000)
  to   space 7168K, 0% used [0x00000000e4000000,0x00000000e4000000,0x00000000e4700000)
 ParOldGen       total 55296K, used 17778K [0x00000000a0000000, 0x00000000a3600000, 0x00000000e0000000)
  object space 55296K, 32% used [0x00000000a0000000,0x00000000a115c9f8,0x00000000a3600000)
 Metaspace       used 47470K, capacity 48370K, committed 48728K, reserved 1091584K
  class space    used 6117K, capacity 6430K, committed 6528K, reserved 1048576K
Event: 52.717 GC heap after
Heap after GC invocations=21 (full 2):
 PSYoungGen      total 72704K, used 7142K [0x00000000e0000000, 0x00000000e5c80000, 0x0000000100000000)
  eden space 65536K, 0% used [0x00000000e0000000,0x00000000e0000000,0x00000000e4000000)
  from space 7168K, 99% used [0x00000000e4000000,0x00000000e46f9ba0,0x00000000e4700000)
  to   space 9216K, 0% used [0x00000000e5380000,0x00000000e5380000,0x00000000e5c80000)
 ParOldGen       total 55296K, used 21196K [0x00000000a0000000, 0x00000000a3600000, 0x00000000e0000000)
  object space 55296K, 38% used [0x00000000a0000000,0x00000000a14b33b0,0x00000000a3600000)
 Metaspace       used 47470K, capacity 48370K, committed 48728K, reserved 1091584K
  class space    used 6117K, capacity 6430K, committed 6528K, reserved 1048576K
}
Event: 54.633 GC heap before
{Heap before GC invocations=22 (full 2):
 PSYoungGen      total 72704K, used 72678K [0x00000000e0000000, 0x00000000e5c80000, 0x0000000100000000)
  eden space 65536K, 100% used [0x00000000e0000000,0x00000000e4000000,0x00000000e4000000)
  from space 7168K, 99% used [0x00000000e4000000,0x00000000e46f9ba0,0x00000000e4700000)
  to   space 9216K, 0% used [0x00000000e5380000,0x00000000e5380000,0x00000000e5c80000)
 ParOldGen       total 55296K, used 21196K [0x00000000a0000000, 0x00000000a3600000, 0x00000000e0000000)
  object space 55296K, 38% used [0x00000000a0000000,0x00000000a14b33b0,0x00000000a3600000)
 Metaspace       used 53337K, capacity 54454K, committed 54744K, reserved 1097728K
  class space    used 6938K, capacity 7297K, committed 7424K, reserved 1048576K
Event: 54.656 GC heap after
Heap after GC invocations=22 (full 2):
 PSYoungGen      total 82432K, used 9214K [0x00000000e0000000, 0x00000000e6380000, 0x0000000100000000)
  eden space 73216K, 0% used [0x00000000e0000000,0x00000000e0000000,0x00000000e4780000)
  from space 9216K, 99% used [0x00000000e5380000,0x00000000e5c7fa60,0x00000000e5c80000)
  to   space 12288K, 0% used [0x00000000e4780000,0x00000000e4780000,0x00000000e5380000)
 ParOldGen       total 55296K, used 25807K [0x00000000a0000000, 0x00000000a3600000, 0x00000000e0000000)
  object space 55296K, 46% used [0x00000000a0000000,0x00000000a1933c30,0x00000000a3600000)
 Metaspace       used 53337K, capacity 54454K, committed 54744K, reserved 1097728K
  class space    used 6938K, capacity 7297K, committed 7424K, reserved 1048576K
}

